# JRE version: Java(TM) SE Runtime Environment (8.0_71-b15) (build 1.8.0_71-b15)
# Java VM: Java HotSpot(TM) 64-Bit Server VM (25.71-b15 mixed mode windows-amd64 compressed oops)
Heap:
 PSYoungGen      total 540672K, used 129151K [0x000000076af80000, 0x00000007a1300000, 0x00000007c0000000)
  eden space 506368K, 19% used [0x000000076af80000,0x0000000770eaef50,0x0000000789e00000)
  from space 34304K, 92% used [0x0000000789e00000,0x000000078bcf0dd0,0x000000078bf80000)
  to   space 38912K, 0% used [0x000000079ed00000,0x000000079ed00000,0x00000007a1300000)
 ParOldGen       total 175104K, used 35003K [0x00000006c0e00000, 0x00000006cb900000, 0x000000076af80000)
  object space 175104K, 19% used [0x00000006c0e00000,0x00000006c302ed30,0x00000006cb900000)
 Metaspace       used 6467K, capacity 6743K, committed 6784K, reserved 1056768K
  class space    used 609K, capacity 624K, committed 640K, reserved 1048576K
GC Heap History (10 events):
Event: 1.634 GC heap before
{Heap before GC invocations=5 (full 0):
 PSYoungGen      total 141824K, used 141793K [0x000000076af80000, 0x0000000774480000, 0x00000007c0000000)
  eden space 131072K, 100% used [0x000000076af80000,0x0000000772f80000,0x0000000772f80000)
  from space 10752K, 99% used [0x0000000773a00000,0x00000007744785f8,0x0000000774480000)
  to   space 10752K, 0% used [0x0000000772f80000,0x0000000772f80000,0x0000000773a00000)
 ParOldGen       total 175104K, used 680K [0x00000006c0e00000, 0x00000006cb900000, 0x000000076af80000)
  object space 175104K, 0% used [0x00000006c0e00000,0x00000006c0eaa000,0x00000006cb900000)
 Metaspace       used 6340K, capacity 6679K, committed 6784K, reserved 1056768K
  class space    used 594K, capacity 624K, committed 640K, reserved 1048576K
Event: 1.644 GC heap after
Heap after GC invocations=5 (full 0):
 PSYoungGen      total 141824K, used 10731K [0x000000076af80000, 0x000000077d180000, 0x00000007c0000000)
  eden space 131072K, 0% used [0x000000076af80000,0x000000076af80000,0x0000000772f80000)
  from space 10752K, 99% used [0x0000000772f80000,0x00000007739faed8,0x0000000773a00000)
  to   space 17408K, 0% used [0x000000077c080000,0x000000077c080000,0x000000077d180000)
 ParOldGen       total 175104K, used 5611K [0x00000006c0e00000, 0x00000006cb900000, 0x000000076af80000)
  object space 175104K, 3% used [0x00000006c0e00000,0x00000006c137ad98,0x00000006cb900000)
 Metaspace       used 6340K, capacity 6679K, committed 6784K, reserved 1056768K
  class space    used 594K, capacity 624K, committed 640K, reserved 1048576K
}
Event: 1.784 GC heap before
{Heap before GC invocations=6 (full 0):
 PSYoungGen      total 141824K, used 141803K [0x000000076af80000, 0x000000077d180000, 0x00000007c0000000)
  eden space 131072K, 100% used [0x000000076af80000,0x0000000772f80000,0x0000000772f80000)
  from space 10752K, 99% used [0x0000000772f80000,0x00000007739faed8,0x0000000773a00000)
  to   space 17408K, 0% used [0x000000077c080000,0x000000077c080000,0x000000077d180000)
 ParOldGen       total 175104K, used 5611K [0x00000006c0e00000, 0x00000006cb900000, 0x000000076af80000)
  object space 175104K, 3% used [0x00000006c0e00000,0x00000006c137ad98,0x00000006cb900000)
 Metaspace       used 6440K, capacity 6743K, committed 6784K, reserved 1056768K
  class space    used 603K, capacity 624K, committed 640K, reserved 1048576K
Event: 1.795 GC heap after
Heap after GC invocations=6 (full 0):
 PSYoungGen      total 274432K, used 17388K [0x000000076af80000, 0x000000077db80000, 0x00000007c0000000)
  eden space 257024K, 0% used [0x000000076af80000,0x000000076af80000,0x000000077aa80000)
  from space 17408K, 99% used [0x000000077c080000,0x000000077d17b168,0x000000077d180000)
  to   space 22528K, 0% used [0x000000077aa80000,0x000000077aa80000,0x000000077c080000)
 ParOldGen       total 175104K, used 9593K [0x00000006c0e00000, 0x00000006cb900000, 0x000000076af80000)
  object space 175104K, 5% used [0x00000006c0e00000,0x00000006c175e698,0x00000006cb900000)
 Metaspace       used 6440K, capacity 6743K, committed 6784K, reserved 1056768K
  class space    used 603K, capacity 624K, committed 640K, reserved 1048576K
}
Event: 1.942 GC heap before
{Heap before GC invocations=7 (full 0):
 PSYoungGen      total 274432K, used 274412K [0x000000076af80000, 0x000000077db80000, 0x00000007c0000000)
  eden space 257024K, 100% used [0x000000076af80000,0x000000077aa80000,0x000000077aa80000)
  from space 17408K, 99% used [0x000000077c080000,0x000000077d17b168,0x000000077d180000)
  to   space 22528K, 0% used [0x000000077aa80000,0x000000077aa80000,0x000000077c080000)
 ParOldGen       total 175104K, used 9593K [0x00000006c0e00000, 0x00000006cb900000, 0x000000076af80000)
  object space 175104K, 5% used [0x00000006c0e00000,0x00000006c175e698,0x00000006cb900000)
 Metaspace       used 6440K, capacity 6743K, committed 6784K, reserved 1056768K
  class space    used 603K, capacity 624K, committed 640K, reserved 1048576K
Event: 1.955 GC heap after
Heap after GC invocations=7 (full 0):
 PSYoungGen      total 279552K, used 22503K [0x000000076af80000, 0x000000078d980000, 0x00000007c0000000)
  eden space 257024K, 0% used [0x000000076af80000,0x000000076af80000,0x000000077aa80000)
  from space 22528K, 99% used [0x000000077aa80000,0x000000077c079d20,0x000000077c080000)
  to   space 26624K, 0% used [0x000000078bf80000,0x000000078bf80000,0x000000078d980000)
 ParOldGen       total 175104K, used 13156K [0x00000006c0e00000, 0x00000006cb900000, 0x000000076af80000)
  object space 175104K, 7% used [0x00000006c0e00000,0x00000006c1ad9350,0x00000006cb900000)
 Metaspace       used 6440K, capacity 6743K, committed 6784K, reserved 1056768K
  class space    used 603K, capacity 624K, committed 640K, reserved 1048576K
}
Event: 2.073 GC heap before
{Heap before GC invocations=8 (full 0):
 PSYoungGen      total 279552K, used 279527K [0x000000076af80000, 0x000000078d980000, 0x00000007c0000000)
  eden space 257024K, 100% used [0x000000076af80000,0x000000077aa80000,0x000000077aa80000)
  from space 22528K, 99% used [0x000000077aa80000,0x000000077c079d20,0x000000077c080000)
  to   space 26624K, 0% used [0x000000078bf80000,0x000000078bf80000,0x000000078d980000)
 ParOldGen       total 175104K, used 13156K [0x00000006c0e00000, 0x00000006cb900000, 0x000000076af80000)
  object space 175104K, 7% used [0x00000006c0e00000,0x00000006c1ad9350,0x00000006cb900000)
 Metaspace       used 6440K, capacity 6743K, committed 6784K, reserved 1056768K
  class space    used 603K, capacity 624K, committed 640K, reserved 1048576K
Event: 2.090 GC heap after
Heap after GC invocations=8 (full 0):
 PSYoungGen      total 532992K, used 26622K [0x000000076af80000, 0x000000078e880000, 0x00000007c0000000)
  eden space 506368K, 0% used [0x000000076af80000,0x000000076af80000,0x0000000789e00000)
  from space 26624K, 99% used [0x000000078bf80000,0x000000078d97f980,0x000000078d980000)
  to   space 34304K, 0% used [0x0000000789e00000,0x0000000789e00000,0x000000078bf80000)
 ParOldGen       total 175104K, used 20497K [0x00000006c0e00000, 0x00000006cb900000, 0x000000076af80000)
  object space 175104K, 11% used [0x00000006c0e00000,0x00000006c22045c8,0x00000006cb900000)
 Metaspace       used 6440K, capacity 6743K, committed 6784K, reserved 1056768K
  class space    used 603K, capacity 624K, committed 640K, reserved 1048576K
}
Event: 2.354 GC heap before
{Heap before GC invocations=9 (full 0):
 PSYoungGen      total 532992K, used 532990K [0x000000076af80000, 0x000000078e880000, 0x00000007c0000000)
  eden space 506368K, 100% used [0x000000076af80000,0x0000000789e00000,0x0000000789e00000)
  from space 26624K, 99% used [0x000000078bf80000,0x000000078d97f980,0x000000078d980000)
  to   space 34304K, 0% used [0x0000000789e00000,0x0000000789e00000,0x000000078bf80000)
 ParOldGen       total 175104K, used 20497K [0x00000006c0e00000, 0x00000006cb900000, 0x000000076af80000)
  object space 175104K, 11% used [0x00000006c0e00000,0x00000006c22045c8,0x00000006cb900000)
 Metaspace       used 6440K, capacity 6743K, committed 6784K, reserved 1056768K
  class space    used 603K, capacity 624K, committed 640K, reserved 1048576K
Event: 2.383 GC heap after
Heap after GC invocations=9 (full 0):
 PSYoungGen      total 540672K, used 31683K [0x000000076af80000, 0x00000007a1300000, 0x00000007c0000000)
  eden space 506368K, 0% used [0x000000076af80000,0x000000076af80000,0x0000000789e00000)
  from space 34304K, 92% used [0x0000000789e00000,0x000000078bcf0dd0,0x000000078bf80000)
  to   space 38912K, 0% used [0x000000079ed00000,0x000000079ed00000,0x00000007a1300000)
 ParOldGen       total 175104K, used 35003K [0x00000006c0e00000, 0x00000006cb900000, 0x000000076af80000)
  object space 175104K, 19% used [0x00000006c0e00000,0x00000006c302ed30,0x00000006cb900000)
 Metaspace       used 6440K, capacity 6743K, committed 6784K, reserved 1056768K
  class space    used 603K, capacity 624K, committed 640K, reserved 1048576K
}

